[debug] [2024-12-14T22:50:19.459Z] ----------------------------------------------------------------------
[debug] [2024-12-14T22:50:19.464Z] Command:       /Users/faheemjinna/.nvm/versions/node/v20.18.1/bin/node /Users/faheemjinna/.nvm/versions/node/v20.18.1/bin/firebase init
[debug] [2024-12-14T22:50:19.464Z] CLI Version:   13.29.1
[debug] [2024-12-14T22:50:19.464Z] Platform:      darwin
[debug] [2024-12-14T22:50:19.464Z] Node Version:  v20.18.1
[debug] [2024-12-14T22:50:19.464Z] Time:          Sat Dec 14 2024 16:50:19 GMT-0600 (Central Standard Time)
[debug] [2024-12-14T22:50:19.464Z] ----------------------------------------------------------------------
[debug] 
[debug] [2024-12-14T22:50:19.467Z] > command requires scopes: ["email","openid","https://www.googleapis.com/auth/cloudplatformprojects.readonly","https://www.googleapis.com/auth/firebase","https://www.googleapis.com/auth/cloud-platform"]
[debug] [2024-12-14T22:50:19.467Z] > authorizing via signed-in user (faheemjinna.s@gmail.com)
[info] 
     ######## #### ########  ######## ########     ###     ######  ########
     ##        ##  ##     ## ##       ##     ##  ##   ##  ##       ##
     ######    ##  ########  ######   ########  #########  ######  ######
     ##        ##  ##    ##  ##       ##     ## ##     ##       ## ##
     ##       #### ##     ## ######## ########  ##     ##  ######  ########

You're about to initialize a Firebase project in this directory:

  /Users/faheemjinna/Downloads/Portfolio-Website-main

[info] 
=== Project Setup
[info] 
[info] First, let's associate this project directory with a Firebase project.
[info] You can create multiple project aliases by running firebase use --add, 
[info] but for now we'll just set up a default project.
[info] 
[debug] [2024-12-14T22:50:52.253Z] Checked if tokens are valid: true, expires at: 1734220024903
[debug] [2024-12-14T22:50:52.253Z] Checked if tokens are valid: true, expires at: 1734220024903
[debug] [2024-12-14T22:50:52.255Z] >>> [apiv2][query] GET https://firebase.googleapis.com/v1beta1/projects pageSize=100
[debug] [2024-12-14T22:50:52.596Z] <<< [apiv2][status] GET https://firebase.googleapis.com/v1beta1/projects 200
[debug] [2024-12-14T22:50:52.597Z] <<< [apiv2][body] GET https://firebase.googleapis.com/v1beta1/projects [omitted]
[info] i  Using project faheemportfolio-2ff18 (FaheemPortfolio) 
[info] 
=== Hosting Setup
[debug] [2024-12-14T22:50:57.026Z] Checked if tokens are valid: true, expires at: 1734220024903
[debug] [2024-12-14T22:50:57.027Z] Checked if tokens are valid: true, expires at: 1734220024903
[debug] [2024-12-14T22:50:57.027Z] >>> [apiv2][query] GET https://firebase.googleapis.com/v1beta1/projects/faheemportfolio-2ff18 [none]
[debug] [2024-12-14T22:50:57.206Z] <<< [apiv2][status] GET https://firebase.googleapis.com/v1beta1/projects/faheemportfolio-2ff18 200
[debug] [2024-12-14T22:50:57.207Z] <<< [apiv2][body] GET https://firebase.googleapis.com/v1beta1/projects/faheemportfolio-2ff18 {"projectId":"faheemportfolio-2ff18","projectNumber":"259113031259","displayName":"FaheemPortfolio","name":"projects/faheemportfolio-2ff18","resources":{"hostingSite":"faheemportfolio-2ff18"},"state":"ACTIVE","etag":"1_c71b95e5-f0c4-47f9-913e-25806a0c302e"}
[info] 
[info] Your public directory is the folder (relative to your project directory) that
[info] will contain Hosting assets to be uploaded with firebase deploy. If you
[info] have a build process for your assets, use your build's output directory.
[info] 
[info] ✔  Wrote public/404.html 
[debug] [2024-12-14T22:51:55.461Z] >>> [apiv2][query] GET https://www.gstatic.com/firebasejs/releases.json [none]
[debug] [2024-12-14T22:51:55.595Z] <<< [apiv2][status] GET https://www.gstatic.com/firebasejs/releases.json 200
[debug] [2024-12-14T22:51:55.596Z] <<< [apiv2][body] GET https://www.gstatic.com/firebasejs/releases.json {"current":{"version":"11.1.0","browserURL":"https://www.gstatic.com/firebasejs/11.1.0/firebase.js","packageURL":"https://www.gstatic.com/firebasejs/11.1.0/firebase.tgz"},"live":{"version":"11.1","browserURL":"https://www.gstatic.com/firebasejs/live/11.1/firebase.js","packageURL":"https://www.gstatic.com/firebasejs/live/11.1/firebase.tgz"},"components":{"analytics":"https://www.gstatic.com/firebasejs/11.1.0/firebase-analytics.js","app":"https://www.gstatic.com/firebasejs/11.1.0/firebase-app.js","app-check":"https://www.gstatic.com/firebasejs/11.1.0/firebase-app-check.js","auth":"https://www.gstatic.com/firebasejs/11.1.0/firebase-auth.js","auth/cordova":"https://www.gstatic.com/firebasejs/11.1.0/firebase-auth/cordova.js","auth/web-extension":"https://www.gstatic.com/firebasejs/11.1.0/firebase-auth/web-extension.js","functions":"https://www.gstatic.com/firebasejs/11.1.0/firebase-functions.js","firestore":"https://www.gstatic.com/firebasejs/11.1.0/firebase-firestore.js","firestore/lite":"https://www.gstatic.com/firebasejs/11.1.0/firebase-firestore/lite.js","installations":"https://www.gstatic.com/firebasejs/11.1.0/firebase-installations.js","storage":"https://www.gstatic.com/firebasejs/11.1.0/firebase-storage.js","performance":"https://www.gstatic.com/firebasejs/11.1.0/firebase-performance.js","remote-config":"https://www.gstatic.com/firebasejs/11.1.0/firebase-remote-config.js","messaging":"https://www.gstatic.com/firebasejs/11.1.0/firebase-messaging.js","messaging/sw":"https://www.gstatic.com/firebasejs/11.1.0/firebase-messaging/sw.js","database":"https://www.gstatic.com/firebasejs/11.1.0/firebase-database.js","vertexai":"https://www.gstatic.com/firebasejs/11.1.0/firebase-vertexai.js","data-connect":"https://www.gstatic.com/firebasejs/11.1.0/firebase-data-connect.js","firestore.memory":"https://www.gstatic.com/firebasejs/11.1.0/firebase-firestore.memory.js"}}
[info] ✔  Wrote public/index.html 
[info] 
[info] i  Didn't detect a .git folder. Assuming /Users/faheemjinna/Downloads/Portfolio-Website-main is the project root. 
[info] i  Authorizing with GitHub to upload your service account to a GitHub repository's secrets store. 
[info] 
[info] Visit this URL on this device to log in:
[info] https://github.com/login/oauth/authorize?client_id=89cf50f02ac6aaed3484&state=781332947&redirect_uri=http%3A%2F%2Flocalhost%3A9005&scope=read%3Auser%20repo%20public_repo
[info] 
[info] Waiting for authentication...
[debug] [2024-12-14T22:52:01.386Z] >>> [apiv2][query] POST https://github.com/login/oauth/access_token [none]
[debug] [2024-12-14T22:52:01.387Z] >>> [apiv2][body] POST https://github.com/login/oauth/access_token [stream]
[debug] [2024-12-14T22:52:01.917Z] <<< [apiv2][status] POST https://github.com/login/oauth/access_token 200
[debug] [2024-12-14T22:52:01.917Z] <<< [apiv2][body] POST https://github.com/login/oauth/access_token {"access_token":"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","token_type":"bearer","scope":"read:user,repo"}
[debug] [2024-12-14T22:52:01.937Z] >>> [apiv2][query] GET https://api.github.com/user [none]
[debug] [2024-12-14T22:52:02.244Z] <<< [apiv2][status] GET https://api.github.com/user 200
[debug] [2024-12-14T22:52:02.245Z] <<< [apiv2][body] GET https://api.github.com/user {"login":"faheemjinna","id":61589054,"node_id":"MDQ6VXNlcjYxNTg5MDU0","avatar_url":"https://avatars.githubusercontent.com/u/61589054?v=4","gravatar_id":"","url":"https://api.github.com/users/faheemjinna","html_url":"https://github.com/faheemjinna","followers_url":"https://api.github.com/users/faheemjinna/followers","following_url":"https://api.github.com/users/faheemjinna/following{/other_user}","gists_url":"https://api.github.com/users/faheemjinna/gists{/gist_id}","starred_url":"https://api.github.com/users/faheemjinna/starred{/owner}{/repo}","subscriptions_url":"https://api.github.com/users/faheemjinna/subscriptions","organizations_url":"https://api.github.com/users/faheemjinna/orgs","repos_url":"https://api.github.com/users/faheemjinna/repos","events_url":"https://api.github.com/users/faheemjinna/events{/privacy}","received_events_url":"https://api.github.com/users/faheemjinna/received_events","type":"User","user_view_type":"private","site_admin":false,"name":"Faheem Jinna","company":null,"blog":"","location":null,"email":null,"hireable":null,"bio":"Incoming Grad Student at UTD | Software Developer | Ex - Zoho","twitter_username":"faheemjinna1","notification_email":null,"public_repos":14,"public_gists":0,"followers":2,"following":2,"created_at":"2020-02-28T13:33:37Z","updated_at":"2024-10-11T19:29:19Z","private_gists":0,"total_private_repos":0,"owned_private_repos":0,"disk_usage":1234374,"collaborators":0,"two_factor_authentication":false,"plan":{"name":"free","space":976562499,"collaborators":0,"private_repos":10000}}
[info] 
[info] ✔  Success! Logged into GitHub as faheemjinna 
[info] 
